2017-05-13 14:02:54,567: INFO - mpcs_utils (line 46): https://zhuoyuzhu.ucmpcs.org:4433/
2017-05-13 14:04:10,313: INFO - mpcs_utils (line 56): https://zhuoyuzhu.ucmpcs.org:4433/register
2017-05-13 14:11:38,760: INFO - mpcs_utils (line 56): https://zhuoyuzhu.ucmpcs.org:4433/register
2017-05-13 14:11:41,716: INFO - mpcs_utils (line 46): https://zhuoyuzhu.ucmpcs.org:4433/
2017-05-13 14:11:43,466: INFO - mpcs_utils (line 56): https://zhuoyuzhu.ucmpcs.org:4433/register
2017-05-13 14:11:45,701: INFO - mpcs_utils (line 46): https://zhuoyuzhu.ucmpcs.org:4433/
2017-05-13 14:11:55,703: INFO - mpcs_utils (line 56): https://zhuoyuzhu.ucmpcs.org:4433/register
2017-05-13 14:14:50,495: INFO - mpcs_utils (line 78): https://zhuoyuzhu.ucmpcs.org:4433/register/ae3d796951144afc943671b1ecb25ea9
2017-05-13 14:14:54,098: INFO - mpcs_utils (line 95): https://zhuoyuzhu.ucmpcs.org:4433/login
2017-05-13 14:18:03,998: INFO - mpcs_utils (line 46): https://zhuoyuzhu.ucmpcs.org:4433/
2017-05-13 14:18:09,017: INFO - mpcs_utils (line 113): https://zhuoyuzhu.ucmpcs.org:4433/logout
2017-05-13 14:18:09,049: INFO - mpcs_utils (line 95): https://zhuoyuzhu.ucmpcs.org:4433/login
2017-05-13 14:18:23,801: INFO - mpcs_utils (line 95): https://zhuoyuzhu.ucmpcs.org:4433/login
2017-05-13 14:23:30,228: INFO - mpcs_utils (line 46): https://zhuoyuzhu.ucmpcs.org:4433/
2017-05-13 14:23:40,282: INFO - mpcs_utils (line 113): https://zhuoyuzhu.ucmpcs.org:4433/logout
2017-05-13 14:23:40,315: INFO - mpcs_utils (line 95): https://zhuoyuzhu.ucmpcs.org:4433/login
2017-05-13 14:24:45,315: INFO - mpcs_utils (line 46): https://zhuoyuzhu.ucmpcs.org:4433/
2017-05-13 14:24:47,222: INFO - mpcs_utils (line 113): https://zhuoyuzhu.ucmpcs.org:4433/logout
2017-05-13 14:24:47,255: INFO - mpcs_utils (line 95): https://zhuoyuzhu.ucmpcs.org:4433/login
2017-05-13 14:24:50,110: INFO - mpcs_utils (line 46): https://zhuoyuzhu.ucmpcs.org:4433/
2017-05-13 14:25:15,240: INFO - mpcs_utils (line 95): https://zhuoyuzhu.ucmpcs.org:4433/login
2017-05-13 14:32:09,692: INFO - mpcs_utils (line 46): https://zhuoyuzhu.ucmpcs.org:4433/
2017-05-13 14:32:16,540: INFO - mpcs_utils (line 113): https://zhuoyuzhu.ucmpcs.org:4433/logout
2017-05-13 14:32:16,573: INFO - mpcs_utils (line 95): https://zhuoyuzhu.ucmpcs.org:4433/login
2017-05-13 14:37:48,588: INFO - mpcs_utils (line 46): https://zhuoyuzhu.ucmpcs.org:4433/
2017-05-13 14:46:17,548: INFO - mpcs_utils (line 113): https://zhuoyuzhu.ucmpcs.org:4433/logout
2017-05-13 14:46:17,581: INFO - mpcs_utils (line 95): https://zhuoyuzhu.ucmpcs.org:4433/login
2017-05-13 15:01:44,720: INFO - mpcs_utils (line 46): https://zhuoyuzhu.ucmpcs.org:4433/
2017-05-13 15:01:46,459: INFO - mpcs_utils (line 95): https://zhuoyuzhu.ucmpcs.org:4433/login
2017-05-13 15:01:55,883: INFO - mpcs_utils (line 46): https://zhuoyuzhu.ucmpcs.org:4433/
2017-05-13 15:02:20,591: INFO - mpcs_utils (line 113): https://zhuoyuzhu.ucmpcs.org:4433/logout
2017-05-13 15:02:20,624: INFO - mpcs_utils (line 95): https://zhuoyuzhu.ucmpcs.org:4433/login
2017-05-13 15:02:35,755: INFO - mpcs_utils (line 46): https://zhuoyuzhu.ucmpcs.org:4433/
2017-05-13 16:51:08,895: INFO - mpcs_utils (line 46): https://zhuoyuzhu.ucmpcs.org:4433/
2017-05-13 16:51:26,670: INFO - mpcs_utils (line 161): https://zhuoyuzhu.ucmpcs.org:4433/annotate
2017-05-13 16:54:25,068: INFO - mpcs_utils (line 161): https://zhuoyuzhu.ucmpcs.org:4433/annotate
2017-05-13 16:54:31,684: INFO - mpcs_utils (line 46): https://zhuoyuzhu.ucmpcs.org:4433/
2017-05-13 16:54:46,112: INFO - mpcs_utils (line 161): https://zhuoyuzhu.ucmpcs.org:4433/annotate
2017-05-13 16:56:39,604: INFO - mpcs_utils (line 46): https://zhuoyuzhu.ucmpcs.org:4433/
2017-05-13 16:56:46,984: INFO - mpcs_utils (line 161): https://zhuoyuzhu.ucmpcs.org:4433/annotate
2017-05-13 17:08:34,386: INFO - mpcs_utils (line 46): https://zhuoyuzhu.ucmpcs.org:4433/
2017-05-13 17:08:41,529: INFO - mpcs_utils (line 161): https://zhuoyuzhu.ucmpcs.org:4433/annotate
2017-05-13 17:11:58,004: INFO - mpcs_utils (line 161): https://zhuoyuzhu.ucmpcs.org:4433/annotate
2017-05-13 17:26:04,258: INFO - mpcs_utils (line 54): https://zhuoyuzhu.ucmpcs.org:4433/
2017-05-13 17:26:08,793: INFO - mpcs_utils (line 169): https://zhuoyuzhu.ucmpcs.org:4433/annotate
2017-05-13 17:32:00,050: INFO - mpcs_utils (line 169): https://zhuoyuzhu.ucmpcs.org:4433/annotate
2017-05-13 20:26:31,095: INFO - mpcs_utils (line 169): https://zhuoyuzhu.ucmpcs.org:4433/annotate
2017-05-13 20:29:00,691: INFO - mpcs_utils (line 54): https://zhuoyuzhu.ucmpcs.org:4433/
2017-05-13 20:41:47,013: INFO - mpcs_utils (line 169): https://zhuoyuzhu.ucmpcs.org:4433/annotate
2017-05-13 21:39:31,552: INFO - mpcs_utils (line 54): https://zhuoyuzhu.ucmpcs.org:4433/
2017-05-13 21:39:33,756: INFO - mpcs_utils (line 54): https://zhuoyuzhu.ucmpcs.org:4433/
2017-05-13 21:39:37,060: INFO - mpcs_utils (line 54): https://zhuoyuzhu.ucmpcs.org:4433/
2017-05-13 21:39:47,809: INFO - mpcs_utils (line 54): https://zhuoyuzhu.ucmpcs.org:4433/
2017-05-13 21:49:12,475: INFO - mpcs_utils (line 169): https://zhuoyuzhu.ucmpcs.org:4433/annotate
2017-05-13 21:50:19,706: INFO - mpcs_utils (line 121): https://zhuoyuzhu.ucmpcs.org:4433/logout
2017-05-13 21:50:19,830: INFO - mpcs_utils (line 103): https://zhuoyuzhu.ucmpcs.org:4433/login
2017-05-13 21:50:22,528: INFO - mpcs_utils (line 54): https://zhuoyuzhu.ucmpcs.org:4433/
2017-05-13 21:50:30,564: INFO - mpcs_utils (line 169): https://zhuoyuzhu.ucmpcs.org:4433/annotate
2017-05-13 21:50:30,637: INFO - mpcs_utils (line 103): https://zhuoyuzhu.ucmpcs.org:4433/login?redirect_url=https://zhuoyuzhu.ucmpcs.org:4433/annotate
2017-05-13 21:51:36,975: INFO - mpcs_utils (line 169): https://zhuoyuzhu.ucmpcs.org:4433/annotate
2017-05-13 22:39:44,827: INFO - mpcs_utils (line 55): https://zhuoyuzhu.ucmpcs.org:4433/
2017-05-13 22:40:38,972: INFO - mpcs_utils (line 55): https://zhuoyuzhu.ucmpcs.org:4433/
2017-05-13 22:50:52,602: INFO - mpcs_utils (line 122): https://zhuoyuzhu.ucmpcs.org:4433/logout
2017-05-13 22:50:52,696: INFO - mpcs_utils (line 104): https://zhuoyuzhu.ucmpcs.org:4433/login
2017-05-13 22:51:36,319: INFO - mpcs_utils (line 54): https://zhuoyuzhu.ucmpcs.org:4433/
2017-05-13 22:52:09,603: INFO - mpcs_utils (line 169): https://zhuoyuzhu.ucmpcs.org:4433/annotate
2017-05-13 22:52:09,655: INFO - mpcs_utils (line 103): https://zhuoyuzhu.ucmpcs.org:4433/login?redirect_url=https://zhuoyuzhu.ucmpcs.org:4433/annotate
2017-05-13 23:01:01,672: INFO - mpcs_utils (line 54): https://zhuoyuzhu.ucmpcs.org:4433/
2017-05-13 23:01:12,054: INFO - mpcs_utils (line 103): https://zhuoyuzhu.ucmpcs.org:4433/login?redirect_url=https://zhuoyuzhu.ucmpcs.org:4433/annotate/job
2017-05-13 23:12:23,248: INFO - mpcs_utils (line 54): https://zhuoyuzhu.ucmpcs.org:4433/
2017-05-13 23:12:31,571: INFO - mpcs_utils (line 169): https://zhuoyuzhu.ucmpcs.org:4433/annotate
2017-05-13 23:12:31,684: INFO - mpcs_utils (line 103): https://zhuoyuzhu.ucmpcs.org:4433/login?redirect_url=https://zhuoyuzhu.ucmpcs.org:4433/annotate
2017-05-13 23:12:42,074: INFO - mpcs_utils (line 64): https://zhuoyuzhu.ucmpcs.org:4433/register
2017-05-13 23:12:52,615: INFO - mpcs_utils (line 54): https://zhuoyuzhu.ucmpcs.org:4433/
2017-05-13 23:12:59,834: INFO - mpcs_utils (line 64): https://zhuoyuzhu.ucmpcs.org:4433/register
2017-05-14 13:46:10,804: INFO - mpcs_utils (line 54): https://zhuoyuzhu.ucmpcs.org:4433/
2017-05-14 13:46:13,071: INFO - mpcs_utils (line 103): https://zhuoyuzhu.ucmpcs.org:4433/login
2017-05-14 13:46:28,289: INFO - mpcs_utils (line 54): https://zhuoyuzhu.ucmpcs.org:4433/
2017-05-14 14:09:58,808: INFO - mpcs_utils (line 54): https://zhuoyuzhu.ucmpcs.org:4433/
2017-05-14 14:13:52,036: INFO - mpcs_utils (line 54): https://zhuoyuzhu.ucmpcs.org:4433/
2017-05-14 14:15:35,881: INFO - mpcs_utils (line 54): https://zhuoyuzhu.ucmpcs.org:4433/
2017-05-14 14:15:40,640: INFO - mpcs_utils (line 121): https://zhuoyuzhu.ucmpcs.org:4433/logout
2017-05-14 14:15:40,693: INFO - mpcs_utils (line 103): https://zhuoyuzhu.ucmpcs.org:4433/login
2017-05-14 14:15:50,163: INFO - mpcs_utils (line 103): https://zhuoyuzhu.ucmpcs.org:4433/login
2017-05-14 14:16:01,340: INFO - mpcs_utils (line 54): https://zhuoyuzhu.ucmpcs.org:4433/
2017-05-14 14:21:44,934: INFO - mpcs_utils (line 54): https://zhuoyuzhu.ucmpcs.org:4433/
2017-05-14 14:22:11,997: INFO - mpcs_utils (line 121): https://zhuoyuzhu.ucmpcs.org:4433/logout
2017-05-14 14:22:12,051: INFO - mpcs_utils (line 103): https://zhuoyuzhu.ucmpcs.org:4433/login
2017-05-14 14:22:56,896: INFO - mpcs_utils (line 103): https://zhuoyuzhu.ucmpcs.org:4433/login?redirect_url=https://zhuoyuzhu.ucmpcs.org:4433/annotations
2017-05-14 14:24:49,829: INFO - mpcs_utils (line 54): https://zhuoyuzhu.ucmpcs.org:4433/
2017-05-14 14:25:15,223: INFO - mpcs_utils (line 169): https://zhuoyuzhu.ucmpcs.org:4433/annotate
2017-05-14 14:33:26,856: INFO - mpcs_utils (line 54): https://zhuoyuzhu.ucmpcs.org:4433/
2017-05-14 14:33:29,352: INFO - mpcs_utils (line 169): https://zhuoyuzhu.ucmpcs.org:4433/annotate
2017-05-18 20:35:56,757: INFO - mpcs_utils (line 54): https://zhuoyuzhu.ucmpcs.org:4433/
2017-05-18 20:35:58,925: INFO - mpcs_utils (line 103): https://zhuoyuzhu.ucmpcs.org:4433/login
2017-05-18 20:36:05,131: INFO - mpcs_utils (line 54): https://zhuoyuzhu.ucmpcs.org:4433/
2017-05-19 02:00:33,888: INFO - mpcs_utils (line 169): https://zhuoyuzhu.ucmpcs.org:4433/annotate
2017-05-19 02:47:07,591: INFO - mpcs_utils (line 169): https://zhuoyuzhu.ucmpcs.org:4433/annotate
2017-05-19 03:02:33,315: INFO - mpcs_utils (line 169): https://zhuoyuzhu.ucmpcs.org:4433/annotate
2017-05-19 03:07:47,191: INFO - mpcs_utils (line 169): https://zhuoyuzhu.ucmpcs.org:4433/annotate
2017-05-19 03:08:37,829: INFO - mpcs_utils (line 169): https://zhuoyuzhu.ucmpcs.org:4433/annotate
2017-05-19 03:11:53,989: INFO - mpcs_utils (line 169): https://zhuoyuzhu.ucmpcs.org:4433/annotate
2017-05-19 03:11:57,612: INFO - mpcs_utils (line 169): https://zhuoyuzhu.ucmpcs.org:4433/annotate
2017-05-19 03:11:59,567: INFO - mpcs_utils (line 169): https://zhuoyuzhu.ucmpcs.org:4433/annotate
2017-05-19 03:12:03,031: INFO - mpcs_utils (line 169): https://zhuoyuzhu.ucmpcs.org:4433/annotate
2017-05-19 03:14:10,991: INFO - mpcs_utils (line 169): https://zhuoyuzhu.ucmpcs.org:4433/annotate
2017-05-19 04:23:35,054: INFO - mpcs_utils (line 169): https://zhuoyuzhu.ucmpcs.org:4433/annotate
2017-05-19 04:30:10,569: INFO - mpcs_utils (line 158): https://zhuoyuzhu.ucmpcs.org:4433/profile
2017-05-19 04:34:42,686: INFO - mpcs_utils (line 158): https://zhuoyuzhu.ucmpcs.org:4433/profile
2017-05-19 04:37:33,163: INFO - mpcs_utils (line 158): https://zhuoyuzhu.ucmpcs.org:4433/profile
2017-05-19 04:39:49,294: INFO - mpcs_utils (line 158): https://zhuoyuzhu.ucmpcs.org:4433/profile
2017-05-19 04:42:25,825: INFO - mpcs_utils (line 158): https://zhuoyuzhu.ucmpcs.org:4433/profile
2017-05-19 04:44:06,989: INFO - mpcs_utils (line 158): https://zhuoyuzhu.ucmpcs.org:4433/profile
2017-05-19 04:46:35,353: INFO - mpcs_utils (line 158): https://zhuoyuzhu.ucmpcs.org:4433/profile
2017-05-19 04:47:56,635: INFO - mpcs_utils (line 158): https://zhuoyuzhu.ucmpcs.org:4433/profile
2017-05-19 04:48:52,768: INFO - mpcs_utils (line 158): https://zhuoyuzhu.ucmpcs.org:4433/profile
2017-05-19 04:50:58,523: INFO - mpcs_utils (line 158): https://zhuoyuzhu.ucmpcs.org:4433/profile
2017-05-19 04:51:32,343: INFO - mpcs_utils (line 158): https://zhuoyuzhu.ucmpcs.org:4433/profile
2017-05-19 04:52:30,932: INFO - mpcs_utils (line 158): https://zhuoyuzhu.ucmpcs.org:4433/profile
2017-05-19 04:53:44,544: INFO - mpcs_utils (line 158): https://zhuoyuzhu.ucmpcs.org:4433/profile
2017-05-19 04:55:11,346: INFO - mpcs_utils (line 158): https://zhuoyuzhu.ucmpcs.org:4433/profile
2017-05-19 04:57:36,697: INFO - mpcs_utils (line 158): https://zhuoyuzhu.ucmpcs.org:4433/profile
2017-05-19 04:59:15,477: INFO - mpcs_utils (line 158): https://zhuoyuzhu.ucmpcs.org:4433/profile
2017-05-19 05:01:00,268: INFO - mpcs_utils (line 158): https://zhuoyuzhu.ucmpcs.org:4433/profile
2017-05-19 05:02:16,081: INFO - mpcs_utils (line 158): https://zhuoyuzhu.ucmpcs.org:4433/profile
2017-05-19 05:04:03,759: INFO - mpcs_utils (line 158): https://zhuoyuzhu.ucmpcs.org:4433/profile
2017-05-19 05:04:18,786: INFO - mpcs_utils (line 174): https://zhuoyuzhu.ucmpcs.org:4433/annotate
2017-05-19 05:04:25,083: INFO - mpcs_utils (line 158): https://zhuoyuzhu.ucmpcs.org:4433/profile
2017-05-20 01:38:01,956: INFO - mpcs_utils (line 54): https://zhuoyuzhu.ucmpcs.org:4433/
2017-05-20 01:38:38,737: INFO - mpcs_utils (line 174): https://zhuoyuzhu.ucmpcs.org:4433/annotate
2017-05-20 14:26:39,191: INFO - mpcs_utils (line 54): https://zhuoyuzhu.ucmpcs.org:4433/
2017-05-20 14:26:52,616: INFO - mpcs_utils (line 174): https://zhuoyuzhu.ucmpcs.org:4433/annotate
2017-05-20 14:29:49,070: INFO - mpcs_utils (line 54): https://zhuoyuzhu.ucmpcs.org:4433/
2017-05-20 14:29:50,940: INFO - mpcs_utils (line 174): https://zhuoyuzhu.ucmpcs.org:4433/annotate
2017-05-20 14:31:51,373: INFO - mpcs_utils (line 54): https://zhuoyuzhu.ucmpcs.org:4433/
2017-05-20 14:31:53,082: INFO - mpcs_utils (line 174): https://zhuoyuzhu.ucmpcs.org:4433/annotate
2017-05-20 14:46:06,486: INFO - mpcs_utils (line 174): https://zhuoyuzhu.ucmpcs.org:4433/annotate
2017-05-20 14:47:40,071: INFO - mpcs_utils (line 103): https://zhuoyuzhu.ucmpcs.org:4433/login?redirect_url=https://zhuoyuzhu.ucmpcs.org:4433/annotations/5a41dbdf-64e5-4079-ba28-6d70ae8ee2bf
2017-05-20 14:59:22,477: INFO - mpcs_utils (line 174): https://zhuoyuzhu.ucmpcs.org:4433/annotate
2017-05-20 15:02:38,263: INFO - mpcs_utils (line 174): https://zhuoyuzhu.ucmpcs.org:4433/annotate
2017-05-20 17:01:15,750: INFO - mpcs_utils (line 121): https://zhuoyuzhu.ucmpcs.org:4433/logout
2017-05-20 17:01:15,783: INFO - mpcs_utils (line 103): https://zhuoyuzhu.ucmpcs.org:4433/login
2017-05-20 17:01:19,704: INFO - mpcs_utils (line 103): https://zhuoyuzhu.ucmpcs.org:4433/login?redirect_url=https://zhuoyuzhu.ucmpcs.org:4433/annotations/9ea6c432-06cf-45bb-8d74-38f24050121a
2017-05-20 17:01:38,417: INFO - mpcs_utils (line 64): https://zhuoyuzhu.ucmpcs.org:4433/register
2017-05-20 17:02:13,695: INFO - mpcs_utils (line 86): https://zhuoyuzhu.ucmpcs.org:4433/register/a770311a5a294ae7918f6feaff50db8c
2017-05-20 17:02:15,998: INFO - mpcs_utils (line 103): https://zhuoyuzhu.ucmpcs.org:4433/login
2017-05-20 17:02:24,956: INFO - mpcs_utils (line 54): https://zhuoyuzhu.ucmpcs.org:4433/
2017-05-20 17:03:38,213: INFO - mpcs_utils (line 121): https://zhuoyuzhu.ucmpcs.org:4433/logout
2017-05-20 17:03:38,246: INFO - mpcs_utils (line 103): https://zhuoyuzhu.ucmpcs.org:4433/login
2017-05-20 17:03:47,376: INFO - mpcs_utils (line 54): https://zhuoyuzhu.ucmpcs.org:4433/
2017-05-21 16:12:14,316: INFO - mpcs_utils (line 54): https://zhuoyuzhu.ucmpcs.org:4433/
2017-05-21 16:12:18,087: INFO - mpcs_utils (line 103): https://zhuoyuzhu.ucmpcs.org:4433/login
2017-05-21 16:12:24,767: INFO - mpcs_utils (line 54): https://zhuoyuzhu.ucmpcs.org:4433/
2017-05-21 16:12:28,012: INFO - mpcs_utils (line 174): https://zhuoyuzhu.ucmpcs.org:4433/annotate
2017-05-21 16:20:34,203: INFO - mpcs_utils (line 54): https://zhuoyuzhu.ucmpcs.org:4433/
2017-05-21 16:20:40,438: INFO - mpcs_utils (line 121): https://zhuoyuzhu.ucmpcs.org:4433/logout
2017-05-21 16:20:40,492: INFO - mpcs_utils (line 103): https://zhuoyuzhu.ucmpcs.org:4433/login
2017-05-21 16:20:42,163: INFO - mpcs_utils (line 103): https://zhuoyuzhu.ucmpcs.org:4433/login
2017-05-21 16:20:51,674: INFO - mpcs_utils (line 54): https://zhuoyuzhu.ucmpcs.org:4433/
2017-05-21 16:42:28,394: INFO - mpcs_utils (line 54): https://zhuoyuzhu.ucmpcs.org:4433/
2017-05-21 16:42:35,062: INFO - mpcs_utils (line 158): https://zhuoyuzhu.ucmpcs.org:4433/profile
2017-05-21 16:43:14,914: INFO - mpcs_utils (line 54): https://zhuoyuzhu.ucmpcs.org:4433/
2017-05-21 16:43:19,551: INFO - mpcs_utils (line 158): https://zhuoyuzhu.ucmpcs.org:4433/profile
2017-05-21 16:48:29,431: INFO - mpcs_utils (line 54): https://zhuoyuzhu.ucmpcs.org:4433/
2017-05-21 16:48:39,407: INFO - mpcs_utils (line 176): https://zhuoyuzhu.ucmpcs.org:4433/annotate
2017-05-21 16:48:43,676: INFO - mpcs_utils (line 158): https://zhuoyuzhu.ucmpcs.org:4433/profile
2017-05-21 16:51:58,422: INFO - mpcs_utils (line 54): https://zhuoyuzhu.ucmpcs.org:4433/
2017-05-21 16:52:01,920: INFO - mpcs_utils (line 176): https://zhuoyuzhu.ucmpcs.org:4433/annotate
2017-05-21 16:52:04,649: INFO - mpcs_utils (line 176): https://zhuoyuzhu.ucmpcs.org:4433/annotate
2017-05-21 16:52:07,363: INFO - mpcs_utils (line 54): https://zhuoyuzhu.ucmpcs.org:4433/
2017-05-21 16:52:13,588: INFO - mpcs_utils (line 176): https://zhuoyuzhu.ucmpcs.org:4433/annotate
2017-05-21 16:52:26,977: INFO - mpcs_utils (line 176): https://zhuoyuzhu.ucmpcs.org:4433/annotate
2017-05-21 16:52:29,653: INFO - mpcs_utils (line 158): https://zhuoyuzhu.ucmpcs.org:4433/profile
2017-05-21 16:52:35,357: INFO - mpcs_utils (line 158): https://zhuoyuzhu.ucmpcs.org:4433/profile
2017-05-26 12:50:21,330: INFO - mpcs_utils (line 54): https://zhuoyuzhu.ucmpcs.org:4433/
2017-05-26 12:50:23,465: INFO - mpcs_utils (line 103): https://zhuoyuzhu.ucmpcs.org:4433/login
2017-05-26 12:50:29,587: INFO - mpcs_utils (line 54): https://zhuoyuzhu.ucmpcs.org:4433/
2017-05-26 12:50:33,952: INFO - mpcs_utils (line 176): https://zhuoyuzhu.ucmpcs.org:4433/annotate
2017-05-26 14:03:21,682: INFO - mpcs_utils (line 54): https://zhuoyuzhu.ucmpcs.org:4433/
2017-05-26 14:03:24,840: INFO - mpcs_utils (line 103): https://zhuoyuzhu.ucmpcs.org:4433/login
2017-05-26 14:03:31,722: INFO - mpcs_utils (line 54): https://zhuoyuzhu.ucmpcs.org:4433/
2017-05-26 14:03:36,516: INFO - mpcs_utils (line 176): https://zhuoyuzhu.ucmpcs.org:4433/annotate
2017-05-26 14:12:24,315: INFO - mpcs_utils (line 176): https://zhuoyuzhu.ucmpcs.org:4433/annotate
2017-05-26 14:12:28,388: INFO - mpcs_utils (line 176): https://zhuoyuzhu.ucmpcs.org:4433/annotate
2017-05-26 14:12:47,065: INFO - mpcs_utils (line 54): https://zhuoyuzhu.ucmpcs.org:4433/
2017-05-26 14:12:49,007: INFO - mpcs_utils (line 176): https://zhuoyuzhu.ucmpcs.org:4433/annotate
2017-05-26 14:13:52,884: INFO - mpcs_utils (line 176): https://zhuoyuzhu.ucmpcs.org:4433/annotate
2017-05-26 14:15:02,625: INFO - mpcs_utils (line 54): https://zhuoyuzhu.ucmpcs.org:4433/
2017-05-26 14:15:03,736: INFO - mpcs_utils (line 176): https://zhuoyuzhu.ucmpcs.org:4433/annotate
2017-05-26 14:16:58,437: INFO - mpcs_utils (line 54): https://zhuoyuzhu.ucmpcs.org:4433/
2017-05-26 14:16:59,651: INFO - mpcs_utils (line 176): https://zhuoyuzhu.ucmpcs.org:4433/annotate
2017-05-26 14:18:03,506: INFO - mpcs_utils (line 176): https://zhuoyuzhu.ucmpcs.org:4433/annotate
2017-05-26 14:19:07,698: INFO - mpcs_utils (line 176): https://zhuoyuzhu.ucmpcs.org:4433/annotate
2017-05-26 14:20:24,022: INFO - mpcs_utils (line 54): https://zhuoyuzhu.ucmpcs.org:4433/
2017-05-26 14:20:25,069: INFO - mpcs_utils (line 176): https://zhuoyuzhu.ucmpcs.org:4433/annotate
2017-05-26 14:22:36,186: INFO - mpcs_utils (line 54): https://zhuoyuzhu.ucmpcs.org:4433/
2017-05-26 14:22:37,576: INFO - mpcs_utils (line 176): https://zhuoyuzhu.ucmpcs.org:4433/annotate
2017-05-26 14:24:28,470: INFO - mpcs_utils (line 176): https://zhuoyuzhu.ucmpcs.org:4433/annotate
2017-05-26 14:31:37,387: INFO - mpcs_utils (line 176): https://zhuoyuzhu.ucmpcs.org:4433/annotate
2017-05-26 14:36:11,420: INFO - mpcs_utils (line 176): https://zhuoyuzhu.ucmpcs.org:4433/annotate
2017-05-26 14:38:31,956: INFO - mpcs_utils (line 176): https://zhuoyuzhu.ucmpcs.org:4433/annotate
2017-05-26 14:41:12,517: INFO - mpcs_utils (line 176): https://zhuoyuzhu.ucmpcs.org:4433/annotate
2017-05-26 14:43:30,302: INFO - mpcs_utils (line 176): https://zhuoyuzhu.ucmpcs.org:4433/annotate
2017-05-26 14:45:49,519: INFO - mpcs_utils (line 176): https://zhuoyuzhu.ucmpcs.org:4433/annotate
2017-05-26 14:48:05,820: INFO - mpcs_utils (line 176): https://zhuoyuzhu.ucmpcs.org:4433/annotate
2017-05-26 14:53:17,850: INFO - mpcs_utils (line 176): https://zhuoyuzhu.ucmpcs.org:4433/annotate
2017-05-26 14:55:22,232: INFO - mpcs_utils (line 176): https://zhuoyuzhu.ucmpcs.org:4433/annotate
2017-05-26 16:10:28,191: INFO - mpcs_utils (line 54): https://zhuoyuzhu.ucmpcs.org:4433/
2017-05-26 16:10:31,694: INFO - mpcs_utils (line 103): https://zhuoyuzhu.ucmpcs.org:4433/login
2017-05-26 16:10:41,452: INFO - mpcs_utils (line 54): https://zhuoyuzhu.ucmpcs.org:4433/
2017-05-26 16:10:56,397: INFO - mpcs_utils (line 158): https://zhuoyuzhu.ucmpcs.org:4433/profile
2017-05-26 16:21:53,426: INFO - mpcs_utils (line 158): https://zhuoyuzhu.ucmpcs.org:4433/profile
2017-05-26 16:22:17,862: INFO - mpcs_utils (line 121): https://zhuoyuzhu.ucmpcs.org:4433/logout
2017-05-26 16:22:17,895: INFO - mpcs_utils (line 103): https://zhuoyuzhu.ucmpcs.org:4433/login
2017-05-26 16:22:25,327: INFO - mpcs_utils (line 54): https://zhuoyuzhu.ucmpcs.org:4433/
2017-05-26 16:22:35,812: INFO - mpcs_utils (line 158): https://zhuoyuzhu.ucmpcs.org:4433/profile
2017-05-26 16:22:50,806: INFO - mpcs_utils (line 121): https://zhuoyuzhu.ucmpcs.org:4433/logout
2017-05-26 16:22:50,839: INFO - mpcs_utils (line 103): https://zhuoyuzhu.ucmpcs.org:4433/login
2017-05-26 16:23:00,719: INFO - mpcs_utils (line 54): https://zhuoyuzhu.ucmpcs.org:4433/
2017-05-26 16:23:02,901: INFO - mpcs_utils (line 158): https://zhuoyuzhu.ucmpcs.org:4433/profile
2017-05-26 16:23:07,416: INFO - mpcs_utils (line 121): https://zhuoyuzhu.ucmpcs.org:4433/logout
2017-05-26 16:23:07,449: INFO - mpcs_utils (line 103): https://zhuoyuzhu.ucmpcs.org:4433/login
2017-05-26 16:23:13,231: INFO - mpcs_utils (line 54): https://zhuoyuzhu.ucmpcs.org:4433/
2017-05-26 16:23:15,320: INFO - mpcs_utils (line 158): https://zhuoyuzhu.ucmpcs.org:4433/profile
2017-05-26 16:24:44,595: INFO - mpcs_utils (line 158): https://zhuoyuzhu.ucmpcs.org:4433/profile
2017-05-26 16:24:50,230: INFO - mpcs_utils (line 121): https://zhuoyuzhu.ucmpcs.org:4433/logout
2017-05-26 16:24:50,263: INFO - mpcs_utils (line 103): https://zhuoyuzhu.ucmpcs.org:4433/login
2017-05-26 16:24:59,484: INFO - mpcs_utils (line 54): https://zhuoyuzhu.ucmpcs.org:4433/
2017-05-26 16:25:02,012: INFO - mpcs_utils (line 158): https://zhuoyuzhu.ucmpcs.org:4433/profile
2017-05-26 16:29:23,505: INFO - mpcs_utils (line 54): https://zhuoyuzhu.ucmpcs.org:4433/
2017-05-26 16:29:31,821: INFO - mpcs_utils (line 175): https://zhuoyuzhu.ucmpcs.org:4433/annotate
2017-05-26 16:29:36,726: INFO - mpcs_utils (line 175): https://zhuoyuzhu.ucmpcs.org:4433/annotate
2017-05-26 16:29:41,689: INFO - mpcs_utils (line 158): https://zhuoyuzhu.ucmpcs.org:4433/profile
2017-05-26 16:31:54,336: INFO - mpcs_utils (line 54): https://zhuoyuzhu.ucmpcs.org:4433/
2017-05-26 16:31:56,458: INFO - mpcs_utils (line 121): https://zhuoyuzhu.ucmpcs.org:4433/logout
2017-05-26 16:31:56,491: INFO - mpcs_utils (line 103): https://zhuoyuzhu.ucmpcs.org:4433/login
2017-05-26 16:32:03,074: INFO - mpcs_utils (line 54): https://zhuoyuzhu.ucmpcs.org:4433/
2017-05-26 16:32:12,051: INFO - mpcs_utils (line 121): https://zhuoyuzhu.ucmpcs.org:4433/logout
2017-05-26 16:32:12,084: INFO - mpcs_utils (line 103): https://zhuoyuzhu.ucmpcs.org:4433/login
2017-05-26 16:32:19,254: INFO - mpcs_utils (line 54): https://zhuoyuzhu.ucmpcs.org:4433/
2017-05-26 16:32:20,843: INFO - mpcs_utils (line 175): https://zhuoyuzhu.ucmpcs.org:4433/annotate
2017-05-26 16:34:57,184: INFO - mpcs_utils (line 175): https://zhuoyuzhu.ucmpcs.org:4433/annotate
2017-05-26 16:34:59,583: INFO - mpcs_utils (line 158): https://zhuoyuzhu.ucmpcs.org:4433/profile
2017-05-26 16:35:03,218: INFO - mpcs_utils (line 158): https://zhuoyuzhu.ucmpcs.org:4433/profile
2017-05-26 16:35:05,686: INFO - mpcs_utils (line 158): https://zhuoyuzhu.ucmpcs.org:4433/profile
2017-05-26 16:35:13,269: INFO - mpcs_utils (line 175): https://zhuoyuzhu.ucmpcs.org:4433/annotate
2017-05-26 16:38:22,186: INFO - mpcs_utils (line 121): https://zhuoyuzhu.ucmpcs.org:4433/logout
2017-05-26 16:38:22,219: INFO - mpcs_utils (line 103): https://zhuoyuzhu.ucmpcs.org:4433/login
2017-05-26 16:38:30,024: INFO - mpcs_utils (line 54): https://zhuoyuzhu.ucmpcs.org:4433/
2017-05-26 16:38:45,961: INFO - mpcs_utils (line 158): https://zhuoyuzhu.ucmpcs.org:4433/profile
2017-05-26 16:38:48,116: INFO - mpcs_utils (line 121): https://zhuoyuzhu.ucmpcs.org:4433/logout
2017-05-26 16:38:48,149: INFO - mpcs_utils (line 103): https://zhuoyuzhu.ucmpcs.org:4433/login
2017-05-26 16:38:56,340: INFO - mpcs_utils (line 103): https://zhuoyuzhu.ucmpcs.org:4433/login
2017-05-26 16:39:07,883: INFO - mpcs_utils (line 54): https://zhuoyuzhu.ucmpcs.org:4433/
2017-05-26 16:39:10,146: INFO - mpcs_utils (line 175): https://zhuoyuzhu.ucmpcs.org:4433/annotate
2017-05-26 16:39:12,198: INFO - mpcs_utils (line 158): https://zhuoyuzhu.ucmpcs.org:4433/profile
2017-05-26 16:40:31,026: INFO - mpcs_utils (line 121): https://zhuoyuzhu.ucmpcs.org:4433/logout
2017-05-26 16:40:31,059: INFO - mpcs_utils (line 103): https://zhuoyuzhu.ucmpcs.org:4433/login
2017-05-26 16:40:38,052: INFO - mpcs_utils (line 54): https://zhuoyuzhu.ucmpcs.org:4433/
2017-05-26 16:40:39,836: INFO - mpcs_utils (line 175): https://zhuoyuzhu.ucmpcs.org:4433/annotate
2017-05-26 16:40:42,645: INFO - mpcs_utils (line 158): https://zhuoyuzhu.ucmpcs.org:4433/profile
2017-05-26 16:45:14,562: INFO - mpcs_utils (line 54): https://zhuoyuzhu.ucmpcs.org:4433/
2017-05-26 17:06:23,287: INFO - mpcs_utils (line 158): https://zhuoyuzhu.ucmpcs.org:4433/profile
2017-05-26 17:11:07,066: INFO - mpcs_utils (line 158): https://zhuoyuzhu.ucmpcs.org:4433/profile
2017-05-26 17:11:38,070: INFO - mpcs_utils (line 158): https://zhuoyuzhu.ucmpcs.org:4433/profile
2017-05-26 17:23:10,937: INFO - mpcs_utils (line 158): https://zhuoyuzhu.ucmpcs.org:4433/profile
2017-05-26 17:23:14,924: INFO - mpcs_utils (line 121): https://zhuoyuzhu.ucmpcs.org:4433/logout
2017-05-26 17:23:14,957: INFO - mpcs_utils (line 103): https://zhuoyuzhu.ucmpcs.org:4433/login
2017-05-26 17:23:22,116: INFO - mpcs_utils (line 54): https://zhuoyuzhu.ucmpcs.org:4433/
2017-05-26 17:23:26,558: INFO - mpcs_utils (line 158): https://zhuoyuzhu.ucmpcs.org:4433/profile
2017-05-30 00:00:50,517: INFO - mpcs_utils (line 54): https://zhuoyuzhu.ucmpcs.org:4433/
2017-05-30 00:00:53,442: INFO - mpcs_utils (line 103): https://zhuoyuzhu.ucmpcs.org:4433/login
2017-05-30 00:01:00,528: INFO - mpcs_utils (line 54): https://zhuoyuzhu.ucmpcs.org:4433/
2017-05-30 00:01:05,755: INFO - mpcs_utils (line 158): https://zhuoyuzhu.ucmpcs.org:4433/profile
2017-05-30 00:03:55,219: INFO - mpcs_utils (line 54): https://zhuoyuzhu.ucmpcs.org:4433/
2017-05-30 00:04:00,935: INFO - mpcs_utils (line 175): https://zhuoyuzhu.ucmpcs.org:4433/annotate
2017-05-30 00:04:03,294: INFO - mpcs_utils (line 158): https://zhuoyuzhu.ucmpcs.org:4433/profile
2017-05-30 00:05:18,657: INFO - mpcs_utils (line 144): https://zhuoyuzhu.ucmpcs.org:4433/subscribe
2017-05-30 00:06:11,581: INFO - mpcs_utils (line 54): https://zhuoyuzhu.ucmpcs.org:4433/
2017-05-30 00:06:15,183: INFO - mpcs_utils (line 180): https://zhuoyuzhu.ucmpcs.org:4433/annotate
2017-05-30 00:06:20,246: INFO - mpcs_utils (line 180): https://zhuoyuzhu.ucmpcs.org:4433/annotate
2017-05-30 00:06:30,743: INFO - mpcs_utils (line 180): https://zhuoyuzhu.ucmpcs.org:4433/annotate
2017-05-30 00:06:34,599: INFO - mpcs_utils (line 163): https://zhuoyuzhu.ucmpcs.org:4433/profile
2017-05-30 00:09:06,712: INFO - mpcs_utils (line 121): https://zhuoyuzhu.ucmpcs.org:4433/logout
2017-05-30 00:09:06,755: INFO - mpcs_utils (line 103): https://zhuoyuzhu.ucmpcs.org:4433/login
2017-05-30 00:09:11,264: INFO - mpcs_utils (line 64): https://zhuoyuzhu.ucmpcs.org:4433/register
2017-05-30 00:37:00,006: INFO - mpcs_utils (line 64): https://zhuoyuzhu.ucmpcs.org:4433/register
2017-05-30 00:37:02,962: INFO - mpcs_utils (line 103): https://zhuoyuzhu.ucmpcs.org:4433/login
2017-05-30 00:37:10,848: INFO - mpcs_utils (line 54): https://zhuoyuzhu.ucmpcs.org:4433/
2017-05-30 00:37:16,438: INFO - mpcs_utils (line 163): https://zhuoyuzhu.ucmpcs.org:4433/profile
2017-05-30 00:37:19,185: INFO - mpcs_utils (line 144): https://zhuoyuzhu.ucmpcs.org:4433/subscribe
2017-05-30 20:32:55,038: INFO - mpcs_utils (line 55): https://zhuoyuzhu.ucmpcs.org:4433/
2017-05-30 20:33:04,745: INFO - mpcs_utils (line 184): https://zhuoyuzhu.ucmpcs.org:4433/profile
2017-05-30 20:33:10,430: INFO - mpcs_utils (line 201): https://zhuoyuzhu.ucmpcs.org:4433/annotate
2017-05-30 20:33:13,294: INFO - mpcs_utils (line 201): https://zhuoyuzhu.ucmpcs.org:4433/annotate
2017-05-30 23:53:25,790: INFO - mpcs_utils (line 55): https://zhuoyuzhu.ucmpcs.org:4433/
2017-05-30 23:54:05,464: INFO - mpcs_utils (line 201): https://zhuoyuzhu.ucmpcs.org:4433/annotate
2017-05-31 00:05:57,206: INFO - mpcs_utils (line 201): https://zhuoyuzhu.ucmpcs.org:4433/annotate
2017-05-31 00:21:25,120: INFO - mpcs_utils (line 201): https://zhuoyuzhu.ucmpcs.org:4433/annotate
2017-05-31 00:25:07,974: INFO - mpcs_utils (line 201): https://zhuoyuzhu.ucmpcs.org:4433/annotate
2017-05-31 00:29:52,683: INFO - mpcs_utils (line 201): https://zhuoyuzhu.ucmpcs.org:4433/annotate
2017-05-31 00:38:05,384: INFO - mpcs_utils (line 55): https://zhuoyuzhu.ucmpcs.org:4433/
2017-05-31 00:38:25,264: INFO - mpcs_utils (line 201): https://zhuoyuzhu.ucmpcs.org:4433/annotate
2017-06-03 01:44:15,485: INFO - mpcs_utils (line 55): https://zhuoyuzhu.ucmpcs.org:4433/
2017-06-03 01:44:18,286: INFO - mpcs_utils (line 104): https://zhuoyuzhu.ucmpcs.org:4433/login
2017-06-03 01:44:25,266: INFO - mpcs_utils (line 55): https://zhuoyuzhu.ucmpcs.org:4433/
2017-06-03 01:44:30,834: INFO - mpcs_utils (line 184): https://zhuoyuzhu.ucmpcs.org:4433/profile
2017-06-03 01:44:37,559: INFO - mpcs_utils (line 145): https://zhuoyuzhu.ucmpcs.org:4433/subscribe
2017-06-03 02:10:20,870: INFO - mpcs_utils (line 184): https://zhuoyuzhu.ucmpcs.org:4433/profile
2017-06-03 02:19:07,825: INFO - mpcs_utils (line 184): https://zhuoyuzhu.ucmpcs.org:4433/profile
2017-06-03 02:19:09,957: INFO - mpcs_utils (line 145): https://zhuoyuzhu.ucmpcs.org:4433/subscribe
2017-06-03 02:20:07,385: INFO - mpcs_utils (line 184): https://zhuoyuzhu.ucmpcs.org:4433/profile
2017-06-03 02:20:09,648: INFO - mpcs_utils (line 145): https://zhuoyuzhu.ucmpcs.org:4433/subscribe
2017-06-03 02:25:43,257: INFO - mpcs_utils (line 201): https://zhuoyuzhu.ucmpcs.org:4433/annotate
2017-06-03 02:28:18,492: INFO - mpcs_utils (line 184): https://zhuoyuzhu.ucmpcs.org:4433/profile
2017-06-03 02:37:12,092: INFO - mpcs_utils (line 201): https://zhuoyuzhu.ucmpcs.org:4433/annotate
2017-06-03 02:39:16,639: INFO - mpcs_utils (line 201): https://zhuoyuzhu.ucmpcs.org:4433/annotate
2017-06-03 02:40:25,845: INFO - mpcs_utils (line 201): https://zhuoyuzhu.ucmpcs.org:4433/annotate
2017-06-03 02:53:22,809: INFO - mpcs_utils (line 55): https://zhuoyuzhu.ucmpcs.org:4433/
2017-06-03 02:53:27,633: INFO - mpcs_utils (line 201): https://zhuoyuzhu.ucmpcs.org:4433/annotate
2017-06-03 02:59:03,258: INFO - mpcs_utils (line 201): https://zhuoyuzhu.ucmpcs.org:4433/annotate
2017-06-03 03:03:40,109: INFO - mpcs_utils (line 201): https://zhuoyuzhu.ucmpcs.org:4433/annotate
2017-06-03 03:06:58,809: INFO - mpcs_utils (line 201): https://zhuoyuzhu.ucmpcs.org:4433/annotate
2017-06-03 03:54:19,330: INFO - mpcs_utils (line 55): https://zhuoyuzhu.ucmpcs.org:4433/
2017-06-03 03:54:25,775: INFO - mpcs_utils (line 201): https://zhuoyuzhu.ucmpcs.org:4433/annotate
2017-06-03 04:02:11,013: INFO - mpcs_utils (line 201): https://zhuoyuzhu.ucmpcs.org:4433/annotate
2017-06-03 04:07:52,082: INFO - mpcs_utils (line 55): https://zhuoyuzhu.ucmpcs.org:4433/
2017-06-03 04:08:03,694: INFO - mpcs_utils (line 201): https://zhuoyuzhu.ucmpcs.org:4433/annotate
2017-06-03 04:34:39,520: INFO - mpcs_utils (line 201): https://zhuoyuzhu.ucmpcs.org:4433/annotate
2017-06-03 04:42:36,821: INFO - mpcs_utils (line 201): https://zhuoyuzhu.ucmpcs.org:4433/annotate
2017-06-03 04:50:58,066: INFO - mpcs_utils (line 201): https://zhuoyuzhu.ucmpcs.org:4433/annotate
2017-06-03 04:56:19,219: INFO - mpcs_utils (line 201): https://zhuoyuzhu.ucmpcs.org:4433/annotate
2017-06-03 04:59:58,587: INFO - mpcs_utils (line 184): https://zhuoyuzhu.ucmpcs.org:4433/profile
2017-06-03 05:00:17,216: INFO - mpcs_utils (line 145): https://zhuoyuzhu.ucmpcs.org:4433/subscribe
2017-06-03 05:10:34,556: INFO - mpcs_utils (line 185): https://zhuoyuzhu.ucmpcs.org:4433/profile
2017-06-03 05:10:37,252: INFO - mpcs_utils (line 145): https://zhuoyuzhu.ucmpcs.org:4433/subscribe
2017-06-03 05:26:07,787: INFO - mpcs_utils (line 185): https://zhuoyuzhu.ucmpcs.org:4433/profile
2017-06-03 05:26:09,460: INFO - mpcs_utils (line 145): https://zhuoyuzhu.ucmpcs.org:4433/subscribe
2017-06-03 05:26:12,490: INFO - mpcs_utils (line 185): https://zhuoyuzhu.ucmpcs.org:4433/profile
2017-06-03 05:26:15,204: INFO - mpcs_utils (line 185): https://zhuoyuzhu.ucmpcs.org:4433/profile
2017-06-03 05:26:17,582: INFO - mpcs_utils (line 145): https://zhuoyuzhu.ucmpcs.org:4433/subscribe
2017-06-03 05:26:55,220: INFO - mpcs_utils (line 154): https://zhuoyuzhu.ucmpcs.org:4433/subscribe
2017-06-03 05:35:39,168: INFO - mpcs_utils (line 55): https://zhuoyuzhu.ucmpcs.org:4433/
2017-06-03 05:35:41,478: INFO - mpcs_utils (line 185): https://zhuoyuzhu.ucmpcs.org:4433/profile
2017-06-03 05:35:43,098: INFO - mpcs_utils (line 145): https://zhuoyuzhu.ucmpcs.org:4433/subscribe
2017-06-03 05:36:58,903: INFO - mpcs_utils (line 185): https://zhuoyuzhu.ucmpcs.org:4433/profile
2017-06-03 05:37:00,635: INFO - mpcs_utils (line 145): https://zhuoyuzhu.ucmpcs.org:4433/subscribe
2017-06-03 05:37:25,242: INFO - mpcs_utils (line 154): https://zhuoyuzhu.ucmpcs.org:4433/subscribe
2017-06-03 05:39:54,467: INFO - mpcs_utils (line 55): https://zhuoyuzhu.ucmpcs.org:4433/
2017-06-03 05:39:56,738: INFO - mpcs_utils (line 187): https://zhuoyuzhu.ucmpcs.org:4433/profile
2017-06-03 05:39:58,134: INFO - mpcs_utils (line 145): https://zhuoyuzhu.ucmpcs.org:4433/subscribe
2017-06-03 05:40:20,455: INFO - mpcs_utils (line 154): https://zhuoyuzhu.ucmpcs.org:4433/subscribe
2017-06-03 05:45:46,123: INFO - mpcs_utils (line 55): https://zhuoyuzhu.ucmpcs.org:4433/
2017-06-03 05:45:48,092: INFO - mpcs_utils (line 187): https://zhuoyuzhu.ucmpcs.org:4433/profile
2017-06-03 05:45:49,604: INFO - mpcs_utils (line 145): https://zhuoyuzhu.ucmpcs.org:4433/subscribe
2017-06-03 05:46:09,207: INFO - mpcs_utils (line 154): https://zhuoyuzhu.ucmpcs.org:4433/subscribe
2017-06-03 05:48:14,352: INFO - mpcs_utils (line 55): https://zhuoyuzhu.ucmpcs.org:4433/
2017-06-03 05:48:16,671: INFO - mpcs_utils (line 199): https://zhuoyuzhu.ucmpcs.org:4433/profile
2017-06-03 05:48:18,040: INFO - mpcs_utils (line 145): https://zhuoyuzhu.ucmpcs.org:4433/subscribe
2017-06-03 05:48:39,701: INFO - mpcs_utils (line 154): https://zhuoyuzhu.ucmpcs.org:4433/subscribe
2017-06-03 05:52:21,302: INFO - mpcs_utils (line 55): https://zhuoyuzhu.ucmpcs.org:4433/
2017-06-03 05:52:23,762: INFO - mpcs_utils (line 199): https://zhuoyuzhu.ucmpcs.org:4433/profile
2017-06-03 05:52:25,170: INFO - mpcs_utils (line 145): https://zhuoyuzhu.ucmpcs.org:4433/subscribe
2017-06-03 05:52:59,908: INFO - mpcs_utils (line 154): https://zhuoyuzhu.ucmpcs.org:4433/subscribe
2017-06-03 05:55:17,438: INFO - mpcs_utils (line 55): https://zhuoyuzhu.ucmpcs.org:4433/
2017-06-03 05:55:19,910: INFO - mpcs_utils (line 216): https://zhuoyuzhu.ucmpcs.org:4433/annotate
2017-06-03 05:55:30,223: INFO - mpcs_utils (line 216): https://zhuoyuzhu.ucmpcs.org:4433/annotate
2017-06-03 05:57:00,110: INFO - mpcs_utils (line 199): https://zhuoyuzhu.ucmpcs.org:4433/profile
2017-06-03 05:58:04,289: INFO - mpcs_utils (line 122): https://zhuoyuzhu.ucmpcs.org:4433/logout
2017-06-03 05:58:04,332: INFO - mpcs_utils (line 104): https://zhuoyuzhu.ucmpcs.org:4433/login
2017-06-03 05:58:12,358: INFO - mpcs_utils (line 55): https://zhuoyuzhu.ucmpcs.org:4433/
2017-06-03 05:58:15,916: INFO - mpcs_utils (line 199): https://zhuoyuzhu.ucmpcs.org:4433/profile
2017-06-03 05:58:32,986: INFO - mpcs_utils (line 216): https://zhuoyuzhu.ucmpcs.org:4433/annotate
2017-06-03 05:58:35,749: INFO - mpcs_utils (line 199): https://zhuoyuzhu.ucmpcs.org:4433/profile
2017-06-03 05:58:38,468: INFO - mpcs_utils (line 122): https://zhuoyuzhu.ucmpcs.org:4433/logout
2017-06-03 05:58:38,511: INFO - mpcs_utils (line 104): https://zhuoyuzhu.ucmpcs.org:4433/login
2017-06-03 05:58:39,664: INFO - mpcs_utils (line 104): https://zhuoyuzhu.ucmpcs.org:4433/login
2017-06-03 05:58:45,841: INFO - mpcs_utils (line 55): https://zhuoyuzhu.ucmpcs.org:4433/
2017-06-03 05:58:48,311: INFO - mpcs_utils (line 199): https://zhuoyuzhu.ucmpcs.org:4433/profile
2017-06-03 05:58:56,934: INFO - mpcs_utils (line 122): https://zhuoyuzhu.ucmpcs.org:4433/logout
2017-06-03 05:58:56,977: INFO - mpcs_utils (line 104): https://zhuoyuzhu.ucmpcs.org:4433/login
2017-06-03 05:58:57,856: INFO - mpcs_utils (line 104): https://zhuoyuzhu.ucmpcs.org:4433/login
2017-06-03 05:59:14,303: INFO - mpcs_utils (line 55): https://zhuoyuzhu.ucmpcs.org:4433/
2017-06-03 05:59:17,341: INFO - mpcs_utils (line 199): https://zhuoyuzhu.ucmpcs.org:4433/profile
2017-06-03 05:59:28,034: INFO - mpcs_utils (line 122): https://zhuoyuzhu.ucmpcs.org:4433/logout
2017-06-03 05:59:28,097: INFO - mpcs_utils (line 104): https://zhuoyuzhu.ucmpcs.org:4433/login
2017-06-03 05:59:28,764: INFO - mpcs_utils (line 104): https://zhuoyuzhu.ucmpcs.org:4433/login
2017-06-03 05:59:35,269: INFO - mpcs_utils (line 55): https://zhuoyuzhu.ucmpcs.org:4433/
2017-06-03 05:59:37,548: INFO - mpcs_utils (line 199): https://zhuoyuzhu.ucmpcs.org:4433/profile
2017-06-03 06:01:10,346: INFO - mpcs_utils (line 200): https://zhuoyuzhu.ucmpcs.org:4433/profile
2017-06-03 06:01:20,415: INFO - mpcs_utils (line 55): https://zhuoyuzhu.ucmpcs.org:4433/
2017-06-03 06:01:25,092: INFO - mpcs_utils (line 200): https://zhuoyuzhu.ucmpcs.org:4433/profile
2017-06-03 06:34:31,947: INFO - mpcs_utils (line 123): https://zhuoyuzhu.ucmpcs.org:4433/logout
2017-06-03 06:34:31,990: INFO - mpcs_utils (line 105): https://zhuoyuzhu.ucmpcs.org:4433/login
2017-06-03 06:34:40,223: INFO - mpcs_utils (line 55): https://zhuoyuzhu.ucmpcs.org:4433/
2017-06-03 06:34:43,285: INFO - mpcs_utils (line 222): https://zhuoyuzhu.ucmpcs.org:4433/profile
2017-06-03 06:34:53,735: INFO - mpcs_utils (line 222): https://zhuoyuzhu.ucmpcs.org:4433/profile
2017-06-03 06:34:55,522: INFO - mpcs_utils (line 123): https://zhuoyuzhu.ucmpcs.org:4433/logout
2017-06-03 06:34:55,567: INFO - mpcs_utils (line 105): https://zhuoyuzhu.ucmpcs.org:4433/login
2017-06-03 06:35:04,540: INFO - mpcs_utils (line 55): https://zhuoyuzhu.ucmpcs.org:4433/
2017-06-03 06:35:07,643: INFO - mpcs_utils (line 222): https://zhuoyuzhu.ucmpcs.org:4433/profile
2017-06-03 06:43:26,035: INFO - mpcs_utils (line 222): https://zhuoyuzhu.ucmpcs.org:4433/profile
2017-06-03 06:43:29,446: INFO - mpcs_utils (line 222): https://zhuoyuzhu.ucmpcs.org:4433/profile
2017-06-03 06:43:32,767: INFO - mpcs_utils (line 146): https://zhuoyuzhu.ucmpcs.org:4433/subscribe
2017-06-03 06:44:30,768: INFO - mpcs_utils (line 155): https://zhuoyuzhu.ucmpcs.org:4433/subscribe
2017-06-03 06:46:37,678: INFO - mpcs_utils (line 55): https://zhuoyuzhu.ucmpcs.org:4433/
2017-06-03 06:46:41,176: INFO - mpcs_utils (line 223): https://zhuoyuzhu.ucmpcs.org:4433/profile
2017-06-03 06:46:43,093: INFO - mpcs_utils (line 146): https://zhuoyuzhu.ucmpcs.org:4433/subscribe
2017-06-03 06:47:15,334: INFO - mpcs_utils (line 155): https://zhuoyuzhu.ucmpcs.org:4433/subscribe
2017-06-04 04:58:14,032: INFO - mpcs_utils (line 55): https://zhuoyuzhu.ucmpcs.org:4433/
2017-06-04 04:58:18,243: INFO - mpcs_utils (line 235): https://zhuoyuzhu.ucmpcs.org:4433/profile
2017-06-04 05:00:16,568: INFO - mpcs_utils (line 252): https://zhuoyuzhu.ucmpcs.org:4433/annotate
2017-06-04 05:04:27,808: INFO - mpcs_utils (line 235): https://zhuoyuzhu.ucmpcs.org:4433/profile
2017-06-04 05:09:08,501: INFO - mpcs_utils (line 235): https://zhuoyuzhu.ucmpcs.org:4433/profile
2017-06-04 05:09:10,226: INFO - mpcs_utils (line 252): https://zhuoyuzhu.ucmpcs.org:4433/annotate
2017-06-04 05:10:49,858: INFO - mpcs_utils (line 235): https://zhuoyuzhu.ucmpcs.org:4433/profile
2017-06-04 05:10:51,928: INFO - mpcs_utils (line 146): https://zhuoyuzhu.ucmpcs.org:4433/subscribe
2017-06-04 05:11:29,463: INFO - mpcs_utils (line 155): https://zhuoyuzhu.ucmpcs.org:4433/subscribe
2017-06-04 05:14:52,028: INFO - mpcs_utils (line 55): https://zhuoyuzhu.ucmpcs.org:4433/
2017-06-04 05:14:56,290: INFO - mpcs_utils (line 237): https://zhuoyuzhu.ucmpcs.org:4433/profile
2017-06-04 05:14:59,669: INFO - mpcs_utils (line 254): https://zhuoyuzhu.ucmpcs.org:4433/annotate
2017-06-04 05:16:01,820: INFO - mpcs_utils (line 237): https://zhuoyuzhu.ucmpcs.org:4433/profile
2017-06-04 05:16:10,221: INFO - mpcs_utils (line 146): https://zhuoyuzhu.ucmpcs.org:4433/subscribe
2017-06-04 05:16:25,383: INFO - mpcs_utils (line 155): https://zhuoyuzhu.ucmpcs.org:4433/subscribe
2017-06-04 15:49:24,986: INFO - mpcs_utils (line 55): https://zhuoyuzhu.ucmpcs.org:4433/
2017-06-04 15:49:27,235: INFO - mpcs_utils (line 237): https://zhuoyuzhu.ucmpcs.org:4433/profile
2017-06-04 15:50:16,844: INFO - mpcs_utils (line 254): https://zhuoyuzhu.ucmpcs.org:4433/annotate
2017-06-04 15:52:05,916: INFO - mpcs_utils (line 237): https://zhuoyuzhu.ucmpcs.org:4433/profile
2017-06-04 15:52:15,583: INFO - mpcs_utils (line 146): https://zhuoyuzhu.ucmpcs.org:4433/subscribe
2017-06-04 15:52:47,404: INFO - mpcs_utils (line 155): https://zhuoyuzhu.ucmpcs.org:4433/subscribe
2017-06-04 15:55:25,899: INFO - mpcs_utils (line 55): https://zhuoyuzhu.ucmpcs.org:4433/
2017-06-04 15:55:28,002: INFO - mpcs_utils (line 237): https://zhuoyuzhu.ucmpcs.org:4433/profile
2017-06-04 15:56:04,672: INFO - mpcs_utils (line 254): https://zhuoyuzhu.ucmpcs.org:4433/annotate
2017-06-04 15:57:01,649: INFO - mpcs_utils (line 237): https://zhuoyuzhu.ucmpcs.org:4433/profile
2017-06-04 15:57:04,240: INFO - mpcs_utils (line 146): https://zhuoyuzhu.ucmpcs.org:4433/subscribe
2017-06-04 15:57:26,027: INFO - mpcs_utils (line 155): https://zhuoyuzhu.ucmpcs.org:4433/subscribe
